[0112/212253.613:ERROR:directory_reader_win.cc(43)] FindFirstFile: The system cannot find the path specified. (0x3)
[0112/220353.870:ERROR:directory_reader_win.cc(43)] FindFirstFile: The system cannot find the path specified. (0x3)
[0112/223850.738:ERROR:directory_reader_win.cc(43)] FindFirstFile: The system cannot find the path specified. (0x3)
[0112/225921.210:ERROR:directory_reader_win.cc(43)] FindFirstFile: The system cannot find the path specified. (0x3)
[0112/231300.554:ERROR:directory_reader_win.cc(43)] FindFirstFile: The system cannot find the path specified. (0x3)
[0113/073007.178:ERROR:directory_reader_win.cc(43)] FindFirstFile: The system cannot find the path specified. (0x3)
[0113/225711.937:ERROR:directory_reader_win.cc(43)] FindFirstFile: The system cannot find the path specified. (0x3)
[0113/232057.235:ERROR:process_reader_win.cc(151)] SuspendThread: Access is denied. (0x5)
[0113/232057.235:ERROR:process_reader_win.cc(123)] NtOpenThread: {Access Denied} A process has requested access to an object, but has not been granted those access rights. (0xc0000022)
[0113/232057.235:ERROR:exception_snapshot_win.cc(99)] thread ID 6044 not found in process
[0113/232057.276:ERROR:process_reader_win.cc(151)] SuspendThread: Access is denied. (0x5)
[0113/232057.276:ERROR:process_reader_win.cc(151)] SuspendThread: Access is denied. (0x5)
[0113/232057.276:ERROR:process_reader_win.cc(151)] SuspendThread: Access is denied. (0x5)
[0113/232057.276:ERROR:process_reader_win.cc(123)] NtOpenThread: {Access Denied} A process has requested access to an object, but has not been granted those access rights. (0xc0000022)
[0113/232057.276:ERROR:exception_snapshot_win.cc(99)] thread ID 8024 not found in process
[0113/233346.113:ERROR:process_reader_win.cc(123)] NtOpenThread: {Access Denied} A process has requested access to an object, but has not been granted those access rights. (0xc0000022)
[0113/233346.114:ERROR:exception_snapshot_win.cc(99)] thread ID 16164 not found in process
[0113/233351.192:ERROR:process_info.cc(329)] VirtualQueryEx: Access is denied. (0x5)
[0113/233351.192:ERROR:process_info.cc(556)] ReadMemoryInfo failed
[0113/233351.192:ERROR:process_memory_win.cc(39)] Failed to initialize ProcessInfo.
[0113/233351.192:ERROR:scoped_process_suspend.cc(40)] NtResumeProcess: An attempt was made to access an exiting process. (0xc000010a)
[0113/233351.234:ERROR:process_reader_win.cc(123)] NtOpenThread: {Access Denied} A process has requested access to an object, but has not been granted those access rights. (0xc0000022)
[0113/233351.234:ERROR:exception_snapshot_win.cc(99)] thread ID 12928 not found in process
[0114/102053.513:ERROR:process_reader_win.cc(151)] SuspendThread: Access is denied. (0x5)
[0114/102053.513:ERROR:process_reader_win.cc(151)] SuspendThread: Access is denied. (0x5)
[0114/102053.513:ERROR:process_reader_win.cc(151)] SuspendThread: Access is denied. (0x5)
[0114/102053.513:ERROR:process_reader_win.cc(151)] SuspendThread: Access is denied. (0x5)
[0114/102053.513:ERROR:process_reader_win.cc(123)] NtOpenThread: {Access Denied} A process has requested access to an object, but has not been granted those access rights. (0xc0000022)
[0114/102053.514:ERROR:exception_snapshot_win.cc(99)] thread ID 10224 not found in process
[0114/103317.972:ERROR:directory_reader_win.cc(43)] FindFirstFile: The system cannot find the path specified. (0x3)
[0114/104718.881:ERROR:directory_reader_win.cc(43)] FindFirstFile: The system cannot find the path specified. (0x3)
[0114/111922.440:ERROR:directory_reader_win.cc(43)] FindFirstFile: The system cannot find the path specified. (0x3)
[0114/112055.826:ERROR:directory_reader_win.cc(43)] FindFirstFile: The system cannot find the path specified. (0x3)
[0114/112308.741:ERROR:directory_reader_win.cc(43)] FindFirstFile: The system cannot find the path specified. (0x3)
[0114/114701.292:ERROR:directory_reader_win.cc(43)] FindFirstFile: The system cannot find the path specified. (0x3)
[0114/121141.361:ERROR:directory_reader_win.cc(43)] FindFirstFile: The system cannot find the path specified. (0x3)
[0114/121550.588:ERROR:directory_reader_win.cc(43)] FindFirstFile: The system cannot find the path specified. (0x3)
[0115/122010.336:ERROR:directory_reader_win.cc(43)] FindFirstFile: The system cannot find the path specified. (0x3)
[0118/160229.667:ERROR:directory_reader_win.cc(43)] FindFirstFile: The system cannot find the path specified. (0x3)
[0118/162653.040:ERROR:process_reader_win.cc(123)] NtOpenThread: {Access Denied} A process has requested access to an object, but has not been granted those access rights. (0xc0000022)
[0118/162653.041:ERROR:exception_snapshot_win.cc(99)] thread ID 21316 not found in process
[0118/162700.811:ERROR:process_reader_win.cc(151)] SuspendThread: Access is denied. (0x5)
[0118/162700.811:ERROR:process_reader_win.cc(151)] SuspendThread: Access is denied. (0x5)
[0118/162700.811:ERROR:process_reader_win.cc(151)] SuspendThread: Access is denied. (0x5)
[0118/162700.811:ERROR:process_reader_win.cc(123)] NtOpenThread: {Access Denied} A process has requested access to an object, but has not been granted those access rights. (0xc0000022)
[0118/162700.811:ERROR:exception_snapshot_win.cc(99)] thread ID 9732 not found in process
[0120/094232.209:ERROR:directory_reader_win.cc(43)] FindFirstFile: The system cannot find the path specified. (0x3)
[0120/115744.927:ERROR:process_reader_win.cc(151)] SuspendThread: Access is denied. (0x5)
[0120/115744.927:ERROR:process_reader_win.cc(123)] NtOpenThread: {Access Denied} A process has requested access to an object, but has not been granted those access rights. (0xc0000022)
[0120/115744.927:ERROR:exception_snapshot_win.cc(99)] thread ID 13852 not found in process
[0121/161223.196:ERROR:process_reader_win.cc(151)] SuspendThread: Access is denied. (0x5)
[0121/161223.196:ERROR:process_reader_win.cc(151)] SuspendThread: Access is denied. (0x5)
[0121/161223.196:ERROR:process_reader_win.cc(123)] NtOpenThread: {Access Denied} A process has requested access to an object, but has not been granted those access rights. (0xc0000022)
[0121/161223.197:ERROR:exception_snapshot_win.cc(99)] thread ID 12536 not found in process
[0121/194604.606:ERROR:directory_reader_win.cc(43)] FindFirstFile: The system cannot find the path specified. (0x3)
